06/28/2024 01:08:04 PM: [ COMMAND: train.py ]
06/28/2024 01:08:04 PM: Model Training begin with options:
06/28/2024 01:08:04 PM: train_dir : ./train_dir
06/28/2024 01:08:04 PM: tensorboard : ./train_dir/tensorboard
06/28/2024 01:08:04 PM: log_file : ./train_dir/run.log
06/28/2024 01:08:04 PM: no_cuda : False
06/28/2024 01:08:04 PM: gpu : 0
06/28/2024 01:08:04 PM: random_seed : 123
06/28/2024 01:08:04 PM: context_num : 2
06/28/2024 01:08:04 PM: stimuli_num : 1
06/28/2024 01:08:04 PM: class_num : 2
06/28/2024 01:08:04 PM: block_size : 200
06/28/2024 01:08:04 PM: max_trial : 1000
06/28/2024 01:08:04 PM: logging_interval : 1
06/28/2024 01:08:04 PM: dt : 0.005
06/28/2024 01:08:04 PM: experiment_num : 1
06/28/2024 01:08:04 PM: cuda : False
06/28/2024 01:08:04 PM: Model parameter is the following:
06/28/2024 01:08:04 PM: gamma: 1
06/28/2024 01:08:04 PM: quantile_num: 100
06/28/2024 01:08:04 PM: N: 50
06/28/2024 01:08:04 PM: K: 3
06/28/2024 01:08:04 PM: a: 1
06/28/2024 01:08:04 PM: b: 1
06/28/2024 01:08:04 PM: a1: 0.75
06/28/2024 01:08:04 PM: b1: 1
06/28/2024 01:08:04 PM: a2: 1
06/28/2024 01:08:04 PM: b2: 1
06/28/2024 01:08:04 PM: tau: 10
06/28/2024 01:08:04 PM: eta: 0.5
06/28/2024 01:08:04 PM: threshold: 0.8
06/28/2024 01:08:04 PM: d_interval: 1000
06/28/2024 01:08:04 PM: uniform: False
06/28/2024 01:08:04 PM: uniform_init: False
06/28/2024 01:08:28 PM: Reach the last trial at trial 500
